{
  "stats": {
    "suites": 3,
    "tests": 3,
    "passes": 3,
    "pending": 0,
    "failures": 0,
    "start": "2026-04-12T18:10:08.871Z",
    "end": "2026-04-12T18:10:09.952Z",
    "duration": 1081,
    "testsRegistered": 3,
    "passPercent": 100,
    "pendingPercent": 0,
    "other": 0,
    "hasOther": false,
    "skipped": 0,
    "hasSkipped": false
  },
  "results": [
    {
      "uuid": "cbfc330c-96eb-4b53-bba9-b323a6aa7162",
      "title": "",
      "fullFile": "",
      "file": "",
      "beforeHooks": [],
      "afterHooks": [],
      "tests": [],
      "suites": [
        {
          "uuid": "79240525-089c-49a2-b522-1c07b2528f59",
          "title": "API Delete a Product",
          "fullFile": "/Users/macbookpro/Documents/SQAProject/mocha-chai-axios-sample/api-test/delete_a_product.js",
          "file": "/api-test/delete_a_product.js",
          "beforeHooks": [],
          "afterHooks": [],
          "tests": [
            {
              "title": "Verify API Successfully Delete a Product",
              "fullTitle": "API Delete a Product Verify API Successfully Delete a Product",
              "timedOut": false,
              "duration": 840,
              "state": "passed",
              "speed": "slow",
              "pass": true,
              "fail": false,
              "pending": false,
              "context": null,
              "code": "const response = await axios.delete(\"https://dummyjson.com/products/100\");\nconsole.log(\"Response : \", response.data);\nexpect(response.status).to.eql(200);",
              "err": {},
              "uuid": "7e3ac8b2-dfb4-417f-a72e-b817c01d33c7",
              "parentUUID": "79240525-089c-49a2-b522-1c07b2528f59",
              "isHook": false,
              "skipped": false
            }
          ],
          "suites": [],
          "passes": [
            "7e3ac8b2-dfb4-417f-a72e-b817c01d33c7"
          ],
          "failures": [],
          "pending": [],
          "skipped": [],
          "duration": 840,
          "root": false,
          "rootEmpty": false,
          "_timeout": 20000
        },
        {
          "uuid": "35c5e10f-214e-4237-ad75-f06a2a40f19e",
          "title": "API Get All of Products",
          "fullFile": "/Users/macbookpro/Documents/SQAProject/mocha-chai-axios-sample/api-test/get_all_request.js",
          "file": "/api-test/get_all_request.js",
          "beforeHooks": [],
          "afterHooks": [],
          "tests": [
            {
              "title": "Verify API Return All of Products",
              "fullTitle": "API Get All of Products Verify API Return All of Products",
              "timedOut": false,
              "duration": 39,
              "state": "passed",
              "speed": "medium",
              "pass": true,
              "fail": false,
              "pending": false,
              "context": null,
              "code": "const response = await axios.get(\"https://dummyjson.com/products\");\nconsole.log(\"Response : \", response.data);\nexpect(response.status).to.eql(200);",
              "err": {},
              "uuid": "ef009044-867c-4880-8930-cf21a328f2ce",
              "parentUUID": "35c5e10f-214e-4237-ad75-f06a2a40f19e",
              "isHook": false,
              "skipped": false
            }
          ],
          "suites": [],
          "passes": [
            "ef009044-867c-4880-8930-cf21a328f2ce"
          ],
          "failures": [],
          "pending": [],
          "skipped": [],
          "duration": 39,
          "root": false,
          "rootEmpty": false,
          "_timeout": 20000
        },
        {
          "uuid": "06860a9d-4cf1-4a49-b9bb-b3393f4ceef0",
          "title": "API Post Add a Product",
          "fullFile": "/Users/macbookpro/Documents/SQAProject/mocha-chai-axios-sample/api-test/post_add_product.js",
          "file": "/api-test/post_add_product.js",
          "beforeHooks": [],
          "afterHooks": [],
          "tests": [
            {
              "title": "Verify API Successfully Add a Product",
              "fullTitle": "API Post Add a Product Verify API Successfully Add a Product",
              "timedOut": false,
              "duration": 199,
              "state": "passed",
              "speed": "slow",
              "pass": true,
              "fail": false,
              "pending": false,
              "context": null,
              "code": "const randomName = faker.internet.username();\nconsole.log(\"random name : \", randomName);\nconst response = await axios.post(\"https://dummyjson.com/products/add\", {\n  title: randomName,\n});\nconsole.log(\"Response : \", response.data);\nexpect(response.status).to.eql(201);\nexpect(response.data.title).to.eql(randomName);",
              "err": {},
              "uuid": "3f49e49b-12db-4baa-a3e6-887d46882c90",
              "parentUUID": "06860a9d-4cf1-4a49-b9bb-b3393f4ceef0",
              "isHook": false,
              "skipped": false
            }
          ],
          "suites": [],
          "passes": [
            "3f49e49b-12db-4baa-a3e6-887d46882c90"
          ],
          "failures": [],
          "pending": [],
          "skipped": [],
          "duration": 199,
          "root": false,
          "rootEmpty": false,
          "_timeout": 20000
        }
      ],
      "passes": [],
      "failures": [],
      "pending": [],
      "skipped": [],
      "duration": 0,
      "root": true,
      "rootEmpty": true,
      "_timeout": 20000
    }
  ],
  "meta": {
    "mocha": {
      "version": "11.3.0"
    },
    "mochawesome": {
      "options": {
        "quiet": false,
        "reportFilename": "mochawesome",
        "saveHtml": true,
        "saveJson": true,
        "consoleReporter": "spec",
        "useInlineDiffs": false,
        "code": true
      },
      "version": "7.1.4"
    },
    "marge": {
      "options": null,
      "version": "6.3.2"
    }
  }
}